<?xml version="1.0" encoding="UTF-8"?>
<coverage generated="1670936765065" clover="3.2.0">
  <project timestamp="1670936765066" name="All files">
    <metrics statements="156" coveredstatements="156" conditionals="74" coveredconditionals="74" methods="45" coveredmethods="45" elements="275" coveredelements="275" complexity="0" loc="156" ncloc="156" packages="7" files="12" classes="12"/>
    <package name="src.domain.entities">
      <metrics statements="11" coveredstatements="11" conditionals="4" coveredconditionals="4" methods="5" coveredmethods="5"/>
      <file name="Catalogist.ts" path="/Users/mikael.vesavuori/Web/catalogist/src/domain/entities/Catalogist.ts">
        <metrics statements="11" coveredstatements="11" conditionals="4" coveredconditionals="4" methods="5" coveredmethods="5"/>
        <line num="8" count="2" type="stmt"/>
        <line num="9" count="18" type="stmt"/>
        <line num="19" count="18" type="stmt"/>
        <line num="28" count="3" type="stmt"/>
        <line num="29" count="3" type="stmt"/>
        <line num="36" count="9" type="stmt"/>
        <line num="37" count="9" type="cond" truecount="4" falsecount="0"/>
        <line num="39" count="8" type="stmt"/>
        <line num="40" count="10" type="stmt"/>
        <line num="43" count="10" type="stmt"/>
        <line num="54" count="10" type="stmt"/>
      </file>
    </package>
    <package name="src.domain.errors">
      <metrics statements="16" coveredstatements="16" conditionals="0" coveredconditionals="0" methods="4" coveredmethods="4"/>
      <file name="MissingSpecKeysError.ts" path="/Users/mikael.vesavuori/Web/catalogist/src/domain/errors/MissingSpecKeysError.ts">
        <metrics statements="4" coveredstatements="4" conditionals="0" coveredconditionals="0" methods="1" coveredmethods="1"/>
        <line num="4" count="1" type="stmt"/>
        <line num="6" count="1" type="stmt"/>
        <line num="7" count="1" type="stmt"/>
        <line num="8" count="1" type="stmt"/>
      </file>
      <file name="SizeError.ts" path="/Users/mikael.vesavuori/Web/catalogist/src/domain/errors/SizeError.ts">
        <metrics statements="4" coveredstatements="4" conditionals="0" coveredconditionals="0" methods="1" coveredmethods="1"/>
        <line num="4" count="1" type="stmt"/>
        <line num="6" count="1" type="stmt"/>
        <line num="7" count="1" type="stmt"/>
        <line num="8" count="1" type="stmt"/>
      </file>
      <file name="UnknownKeyError.ts" path="/Users/mikael.vesavuori/Web/catalogist/src/domain/errors/UnknownKeyError.ts">
        <metrics statements="4" coveredstatements="4" conditionals="0" coveredconditionals="0" methods="1" coveredmethods="1"/>
        <line num="4" count="2" type="stmt"/>
        <line num="6" count="1" type="stmt"/>
        <line num="7" count="1" type="stmt"/>
        <line num="8" count="1" type="stmt"/>
      </file>
      <file name="ValidationError.ts" path="/Users/mikael.vesavuori/Web/catalogist/src/domain/errors/ValidationError.ts">
        <metrics statements="4" coveredstatements="4" conditionals="0" coveredconditionals="0" methods="1" coveredmethods="1"/>
        <line num="4" count="1" type="stmt"/>
        <line num="6" count="6" type="stmt"/>
        <line num="7" count="6" type="stmt"/>
        <line num="8" count="6" type="stmt"/>
      </file>
    </package>
    <package name="src.domain.valueObjects">
      <metrics statements="82" coveredstatements="82" conditionals="48" coveredconditionals="48" methods="23" coveredmethods="23"/>
      <file name="Manifest.ts" path="/Users/mikael.vesavuori/Web/catalogist/src/domain/valueObjects/Manifest.ts">
        <metrics statements="82" coveredstatements="82" conditionals="48" coveredconditionals="48" methods="23" coveredmethods="23"/>
        <line num="3" count="1" type="stmt"/>
        <line num="4" count="1" type="stmt"/>
        <line num="5" count="1" type="stmt"/>
        <line num="10" count="1" type="stmt"/>
        <line num="11" count="11" type="stmt"/>
        <line num="12" count="3" type="stmt"/>
        <line num="18" count="1" type="stmt"/>
        <line num="20" count="11" type="stmt"/>
        <line num="21" count="11" type="stmt"/>
        <line num="22" count="11" type="stmt"/>
        <line num="25" count="11" type="stmt"/>
        <line num="26" count="4" type="stmt"/>
        <line num="27" count="3" type="stmt"/>
        <line num="34" count="11" type="stmt"/>
        <line num="37" count="11" type="stmt"/>
        <line num="38" count="11" type="cond" truecount="1" falsecount="0"/>
        <line num="40" count="10" type="cond" truecount="1" falsecount="0"/>
        <line num="41" count="1" type="stmt"/>
        <line num="43" count="9" type="cond" truecount="3" falsecount="0"/>
        <line num="44" count="1" type="stmt"/>
        <line num="45" count="8" type="cond" truecount="3" falsecount="0"/>
        <line num="46" count="1" type="stmt"/>
        <line num="47" count="7" type="cond" truecount="3" falsecount="0"/>
        <line num="48" count="1" type="stmt"/>
        <line num="49" count="6" type="cond" truecount="3" falsecount="0"/>
        <line num="50" count="1" type="stmt"/>
        <line num="51" count="5" type="cond" truecount="3" falsecount="0"/>
        <line num="52" count="1" type="stmt"/>
        <line num="60" count="4" type="stmt"/>
        <line num="79" count="4" type="stmt"/>
        <line num="86" count="4" type="stmt"/>
        <line num="89" count="4" type="stmt"/>
        <line num="92" count="4" type="cond" truecount="1" falsecount="0"/>
        <line num="93" count="1" type="stmt"/>
        <line num="96" count="3" type="stmt"/>
        <line num="97" count="3" type="stmt"/>
        <line num="100" count="3" type="cond" truecount="3" falsecount="0"/>
        <line num="101" count="3" type="stmt"/>
        <line num="102" count="3" type="cond" truecount="3" falsecount="0"/>
        <line num="103" count="3" type="stmt"/>
        <line num="106" count="3" type="stmt"/>
        <line num="115" count="3" type="cond" truecount="1" falsecount="0"/>
        <line num="116" count="1" type="stmt"/>
        <line num="119" count="1" type="stmt"/>
        <line num="123" count="3" type="stmt"/>
        <line num="125" count="3" type="stmt"/>
        <line num="132" count="6" type="cond" truecount="2" falsecount="0"/>
        <line num="133" count="3" type="stmt"/>
        <line num="134" count="8" type="cond" truecount="1" falsecount="0"/>
        <line num="137" count="3" type="stmt"/>
        <line num="138" count="19" type="cond" truecount="1" falsecount="0"/>
        <line num="142" count="6" type="stmt"/>
        <line num="149" count="6" type="stmt"/>
        <line num="150" count="6" type="stmt"/>
        <line num="151" count="9" type="cond" truecount="1" falsecount="0"/>
        <line num="155" count="6" type="stmt"/>
        <line num="162" count="3" type="stmt"/>
        <line num="163" count="15" type="cond" truecount="2" falsecount="0"/>
        <line num="164" count="15" type="cond" truecount="5" falsecount="0"/>
        <line num="167" count="3" type="stmt"/>
        <line num="174" count="3" type="stmt"/>
        <line num="176" count="3" type="stmt"/>
        <line num="178" count="8" type="cond" truecount="2" falsecount="0"/>
        <line num="179" count="4" type="stmt"/>
        <line num="182" count="6" type="cond" truecount="2" falsecount="0"/>
        <line num="184" count="3" type="stmt"/>
        <line num="189" count="3" type="stmt"/>
        <line num="196" count="6" type="stmt"/>
        <line num="198" count="6" type="stmt"/>
        <line num="199" count="11" type="stmt"/>
        <line num="200" count="11" type="stmt"/>
        <line num="201" count="11" type="stmt"/>
        <line num="202" count="11" type="cond" truecount="2" falsecount="0"/>
        <line num="203" count="4" type="stmt"/>
        <line num="204" count="9" type="stmt"/>
        <line num="206" count="11" type="stmt"/>
        <line num="209" count="6" type="stmt"/>
        <line num="217" count="28" type="cond" truecount="2" falsecount="0"/>
        <line num="218" count="28" type="stmt"/>
        <line num="219" count="28" type="stmt"/>
        <line num="221" count="28" type="cond" truecount="2" falsecount="0"/>
        <line num="230" count="3" type="stmt"/>
      </file>
    </package>
    <package name="src.frameworks">
      <metrics statements="17" coveredstatements="17" conditionals="6" coveredconditionals="6" methods="3" coveredmethods="3"/>
      <file name="getQueryStringParams.ts" path="/Users/mikael.vesavuori/Web/catalogist/src/frameworks/getQueryStringParams.ts">
        <metrics statements="12" coveredstatements="12" conditionals="6" coveredconditionals="6" methods="2" coveredmethods="2"/>
        <line num="5" count="2" type="stmt"/>
        <line num="10" count="2" type="stmt"/>
        <line num="13" count="12" type="stmt"/>
        <line num="14" count="12" type="cond" truecount="1" falsecount="0"/>
        <line num="16" count="10" type="stmt"/>
        <line num="18" count="10" type="stmt"/>
        <line num="19" count="15" type="cond" truecount="3" falsecount="0"/>
        <line num="20" count="1" type="stmt"/>
        <line num="22" count="14" type="stmt"/>
        <line num="24" count="14" type="cond" truecount="1" falsecount="0"/>
        <line num="25" count="14" type="cond" truecount="1" falsecount="0"/>
        <line num="28" count="9" type="stmt"/>
      </file>
      <file name="isJsonString.ts" path="/Users/mikael.vesavuori/Web/catalogist/src/frameworks/isJsonString.ts">
        <metrics statements="5" coveredstatements="5" conditionals="0" coveredconditionals="0" methods="1" coveredmethods="1"/>
        <line num="5" count="1" type="stmt"/>
        <line num="6" count="2" type="stmt"/>
        <line num="7" count="2" type="stmt"/>
        <line num="9" count="1" type="stmt"/>
        <line num="11" count="1" type="stmt"/>
      </file>
    </package>
    <package name="src.repositories">
      <metrics statements="12" coveredstatements="12" conditionals="11" coveredconditionals="11" methods="5" coveredmethods="5"/>
      <file name="LocalRepo.ts" path="/Users/mikael.vesavuori/Web/catalogist/src/repositories/LocalRepo.ts">
        <metrics statements="12" coveredstatements="12" conditionals="11" coveredconditionals="11" methods="5" coveredmethods="5"/>
        <line num="4" count="2" type="stmt"/>
        <line num="9" count="2" type="stmt"/>
        <line num="10" count="18" type="stmt"/>
        <line num="19" count="9" type="cond" truecount="3" falsecount="0"/>
        <line num="22" count="8" type="cond" truecount="3" falsecount="0"/>
        <line num="23" count="3" type="stmt"/>
        <line num="24" count="6" type="cond" truecount="1" falsecount="0"/>
        <line num="28" count="5" type="cond" truecount="3" falsecount="0"/>
        <line num="29" count="4" type="stmt"/>
        <line num="30" count="8" type="cond" truecount="1" falsecount="0"/>
        <line num="34" count="1" type="stmt"/>
        <line num="38" count="3" type="stmt"/>
      </file>
    </package>
    <package name="src.usecases">
      <metrics statements="16" coveredstatements="16" conditionals="5" coveredconditionals="5" methods="5" coveredmethods="5"/>
      <file name="createRecord.ts" path="/Users/mikael.vesavuori/Web/catalogist/src/usecases/createRecord.ts">
        <metrics statements="4" coveredstatements="4" conditionals="0" coveredconditionals="0" methods="1" coveredmethods="1"/>
        <line num="3" count="1" type="stmt"/>
        <line num="8" count="1" type="stmt"/>
        <line num="9" count="11" type="stmt"/>
        <line num="10" count="3" type="stmt"/>
      </file>
      <file name="getRecords.ts" path="/Users/mikael.vesavuori/Web/catalogist/src/usecases/getRecords.ts">
        <metrics statements="12" coveredstatements="12" conditionals="5" coveredconditionals="5" methods="4" coveredmethods="4"/>
        <line num="5" count="1" type="stmt"/>
        <line num="10" count="1" type="stmt"/>
        <line num="14" count="7" type="stmt"/>
        <line num="17" count="7" type="stmt"/>
        <line num="18" count="7" type="stmt"/>
        <line num="19" count="7" type="cond" truecount="1" falsecount="0"/>
        <line num="22" count="7" type="cond" truecount="4" falsecount="0"/>
        <line num="23" count="7" type="stmt"/>
        <line num="24" count="7" type="stmt"/>
        <line num="25" count="7" type="stmt"/>
        <line num="27" count="7" type="stmt"/>
        <line num="30" count="2" type="stmt"/>
      </file>
    </package>
    <package name="testdata">
      <metrics statements="2" coveredstatements="2" conditionals="0" coveredconditionals="0" methods="0" coveredmethods="0"/>
      <file name="TestDatabase.ts" path="/Users/mikael.vesavuori/Web/catalogist/testdata/TestDatabase.ts">
        <metrics statements="2" coveredstatements="2" conditionals="0" coveredconditionals="0" methods="0" coveredmethods="0"/>
        <line num="4" count="2" type="stmt"/>
        <line num="94" count="2" type="stmt"/>
      </file>
    </package>
  </project>
</coverage>
