{"/workspace/catalogist/src/domain/entities/Catalogist.ts": {"path":"/workspace/catalogist/src/domain/entities/Catalogist.ts","statementMap":{"0":{"start":{"line":9,"column":2},"end":{"line":9,"column":38}},"1":{"start":{"line":8,"column":0},"end":{"line":8,"column":16}},"2":{"start":{"line":19,"column":4},"end":{"line":19,"column":21}},"3":{"start":{"line":28,"column":4},"end":{"line":28,"column":41}},"4":{"start":{"line":29,"column":4},"end":{"line":29,"column":34}},"5":{"start":{"line":36,"column":20},"end":{"line":36,"column":55}},"6":{"start":{"line":37,"column":4},"end":{"line":56,"column":null}},"7":{"start":{"line":37,"column":41},"end":{"line":37,"column":56}},"8":{"start":{"line":39,"column":6},"end":{"line":55,"column":9}},"9":{"start":{"line":40,"column":83},"end":{"line":40,"column":89}},"10":{"start":{"line":43,"column":38},"end":{"line":52,"column":10}},"11":{"start":{"line":54,"column":8},"end":{"line":54,"column":27}}},"fnMap":{"0":{"name":"createNewCatalogist","decl":{"start":{"line":8,"column":16},"end":{"line":8,"column":35}},"loc":{"start":{"line":8,"column":52},"end":{"line":10,"column":1}}},"1":{"name":"(anonymous_1)","decl":{"start":{"line":18,"column":2},"end":{"line":18,"column":14}},"loc":{"start":{"line":18,"column":30},"end":{"line":20,"column":3}}},"2":{"name":"(anonymous_2)","decl":{"start":{"line":27,"column":8},"end":{"line":27,"column":20}},"loc":{"start":{"line":27,"column":39},"end":{"line":30,"column":null}}},"3":{"name":"(anonymous_4)","decl":{"start":{"line":35,"column":8},"end":{"line":35,"column":17}},"loc":{"start":{"line":35,"column":45},"end":{"line":57,"column":null}}},"4":{"name":"(anonymous_6)","decl":{"start":{"line":39,"column":25},"end":{"line":39,"column":26}},"loc":{"start":{"line":39,"column":41},"end":{"line":55,"column":7}}}},"branchMap":{"0":{"loc":{"start":{"line":37,"column":4},"end":{"line":56,"column":null}},"type":"if","locations":[{"start":{"line":37,"column":4},"end":{"line":56,"column":null}},{"start":{"line":38,"column":9},"end":{"line":56,"column":null}}]},"1":{"loc":{"start":{"line":37,"column":8},"end":{"line":37,"column":39}},"type":"binary-expr","locations":[{"start":{"line":37,"column":8},"end":{"line":37,"column":15}},{"start":{"line":37,"column":19},"end":{"line":37,"column":39}}]}},"s":{"0":18,"1":2,"2":18,"3":3,"4":3,"5":9,"6":9,"7":1,"8":8,"9":10,"10":10,"11":10},"f":{"0":18,"1":18,"2":3,"3":9,"4":10},"b":{"0":[1,8],"1":[9,9]}}
,"/workspace/catalogist/src/domain/errors/MissingSpecKeysError.ts": {"path":"/workspace/catalogist/src/domain/errors/MissingSpecKeysError.ts","statementMap":{"0":{"start":{"line":6,"column":4},"end":{"line":6,"column":19}},"1":{"start":{"line":7,"column":4},"end":{"line":7,"column":39}},"2":{"start":{"line":8,"column":4},"end":{"line":8,"column":27}},"3":{"start":{"line":4,"column":0},"end":{"line":4,"column":13}}},"fnMap":{"0":{"name":"(anonymous_0)","decl":{"start":{"line":5,"column":2},"end":{"line":5,"column":14}},"loc":{"start":{"line":5,"column":29},"end":{"line":9,"column":3}}}},"branchMap":{},"s":{"0":1,"1":1,"2":1,"3":1},"f":{"0":1},"b":{}}
,"/workspace/catalogist/src/domain/errors/SizeError.ts": {"path":"/workspace/catalogist/src/domain/errors/SizeError.ts","statementMap":{"0":{"start":{"line":6,"column":4},"end":{"line":6,"column":19}},"1":{"start":{"line":7,"column":4},"end":{"line":7,"column":28}},"2":{"start":{"line":8,"column":4},"end":{"line":8,"column":27}},"3":{"start":{"line":4,"column":0},"end":{"line":4,"column":13}}},"fnMap":{"0":{"name":"(anonymous_0)","decl":{"start":{"line":5,"column":2},"end":{"line":5,"column":14}},"loc":{"start":{"line":5,"column":29},"end":{"line":9,"column":3}}}},"branchMap":{},"s":{"0":1,"1":1,"2":1,"3":1},"f":{"0":1},"b":{}}
,"/workspace/catalogist/src/domain/errors/UnknownKeyError.ts": {"path":"/workspace/catalogist/src/domain/errors/UnknownKeyError.ts","statementMap":{"0":{"start":{"line":6,"column":4},"end":{"line":6,"column":19}},"1":{"start":{"line":7,"column":4},"end":{"line":7,"column":34}},"2":{"start":{"line":8,"column":4},"end":{"line":8,"column":27}},"3":{"start":{"line":4,"column":0},"end":{"line":4,"column":13}}},"fnMap":{"0":{"name":"(anonymous_0)","decl":{"start":{"line":5,"column":2},"end":{"line":5,"column":14}},"loc":{"start":{"line":5,"column":29},"end":{"line":9,"column":3}}}},"branchMap":{},"s":{"0":1,"1":1,"2":1,"3":2},"f":{"0":1},"b":{}}
,"/workspace/catalogist/src/domain/errors/ValidationError.ts": {"path":"/workspace/catalogist/src/domain/errors/ValidationError.ts","statementMap":{"0":{"start":{"line":6,"column":4},"end":{"line":6,"column":19}},"1":{"start":{"line":7,"column":4},"end":{"line":7,"column":34}},"2":{"start":{"line":8,"column":4},"end":{"line":8,"column":27}},"3":{"start":{"line":4,"column":0},"end":{"line":4,"column":13}}},"fnMap":{"0":{"name":"(anonymous_0)","decl":{"start":{"line":5,"column":2},"end":{"line":5,"column":14}},"loc":{"start":{"line":5,"column":29},"end":{"line":9,"column":3}}}},"branchMap":{},"s":{"0":6,"1":6,"2":6,"3":1},"f":{"0":6},"b":{}}
,"/workspace/catalogist/src/domain/valueObjects/Manifest.ts": {"path":"/workspace/catalogist/src/domain/valueObjects/Manifest.ts","statementMap":{"0":{"start":{"line":3,"column":0},"end":{"line":3,"column":58}},"1":{"start":{"line":4,"column":0},"end":{"line":4,"column":80}},"2":{"start":{"line":5,"column":0},"end":{"line":5,"column":70}},"3":{"start":{"line":11,"column":19},"end":{"line":11,"column":51}},"4":{"start":{"line":12,"column":2},"end":{"line":12,"column":32}},"5":{"start":{"line":10,"column":0},"end":{"line":10,"column":16}},"6":{"start":{"line":20,"column":2},"end":{"line":20,"column":24}},"7":{"start":{"line":21,"column":2},"end":{"line":21,"column":22}},"8":{"start":{"line":22,"column":2},"end":{"line":22,"column":32}},"9":{"start":{"line":25,"column":4},"end":{"line":25,"column":34}},"10":{"start":{"line":26,"column":27},"end":{"line":26,"column":53}},"11":{"start":{"line":27,"column":4},"end":{"line":27,"column":35}},"12":{"start":{"line":34,"column":25},"end":{"line":34,"column":29}},"13":{"start":{"line":37,"column":30},"end":{"line":37,"column":60}},"14":{"start":{"line":38,"column":4},"end":{"line":38,"column":90}},"15":{"start":{"line":38,"column":49},"end":{"line":38,"column":90}},"16":{"start":{"line":40,"column":4},"end":{"line":41,"column":77}},"17":{"start":{"line":41,"column":6},"end":{"line":41,"column":77}},"18":{"start":{"line":43,"column":4},"end":{"line":44,"column":84}},"19":{"start":{"line":44,"column":6},"end":{"line":44,"column":84}},"20":{"start":{"line":45,"column":4},"end":{"line":46,"column":79}},"21":{"start":{"line":46,"column":6},"end":{"line":46,"column":79}},"22":{"start":{"line":47,"column":4},"end":{"line":48,"column":78}},"23":{"start":{"line":48,"column":6},"end":{"line":48,"column":78}},"24":{"start":{"line":49,"column":4},"end":{"line":50,"column":78}},"25":{"start":{"line":50,"column":6},"end":{"line":50,"column":78}},"26":{"start":{"line":51,"column":4},"end":{"line":52,"column":80}},"27":{"start":{"line":52,"column":6},"end":{"line":52,"column":80}},"28":{"start":{"line":60,"column":27},"end":{"line":77,"column":6}},"29":{"start":{"line":79,"column":4},"end":{"line":79,"column":21}},"30":{"start":{"line":86,"column":22},"end":{"line":86,"column":41}},"31":{"start":{"line":89,"column":25},"end":{"line":89,"column":60}},"32":{"start":{"line":92,"column":4},"end":{"line":93,"column":75}},"33":{"start":{"line":93,"column":6},"end":{"line":93,"column":75}},"34":{"start":{"line":96,"column":4},"end":{"line":96,"column":74}},"35":{"start":{"line":97,"column":4},"end":{"line":97,"column":82}},"36":{"start":{"line":100,"column":4},"end":{"line":101,"column":87}},"37":{"start":{"line":101,"column":6},"end":{"line":101,"column":87}},"38":{"start":{"line":102,"column":4},"end":{"line":103,"column":91}},"39":{"start":{"line":103,"column":6},"end":{"line":103,"column":91}},"40":{"start":{"line":106,"column":4},"end":{"line":112,"column":7}},"41":{"start":{"line":115,"column":4},"end":{"line":120,"column":null}},"42":{"start":{"line":116,"column":6},"end":{"line":118,"column":8}},"43":{"start":{"line":119,"column":6},"end":{"line":119,"column":59}},"44":{"start":{"line":123,"column":29},"end":{"line":123,"column":72}},"45":{"start":{"line":125,"column":4},"end":{"line":125,"column":28}},"46":{"start":{"line":132,"column":4},"end":{"line":140,"column":null}},"47":{"start":{"line":133,"column":6},"end":{"line":135,"column":9}},"48":{"start":{"line":134,"column":8},"end":{"line":134,"column":69}},"49":{"start":{"line":134,"column":38},"end":{"line":134,"column":69}},"50":{"start":{"line":137,"column":6},"end":{"line":139,"column":9}},"51":{"start":{"line":138,"column":8},"end":{"line":138,"column":58}},"52":{"start":{"line":138,"column":38},"end":{"line":138,"column":58}},"53":{"start":{"line":142,"column":4},"end":{"line":142,"column":19}},"54":{"start":{"line":149,"column":4},"end":{"line":153,"column":7}},"55":{"start":{"line":150,"column":6},"end":{"line":152,"column":9}},"56":{"start":{"line":151,"column":8},"end":{"line":151,"column":76}},"57":{"start":{"line":151,"column":38},"end":{"line":151,"column":76}},"58":{"start":{"line":155,"column":4},"end":{"line":155,"column":19}},"59":{"start":{"line":162,"column":4},"end":{"line":165,"column":7}},"60":{"start":{"line":163,"column":18},"end":{"line":163,"column":85}},"61":{"start":{"line":164,"column":6},"end":{"line":164,"column":93}},"62":{"start":{"line":164,"column":67},"end":{"line":164,"column":93}},"63":{"start":{"line":167,"column":4},"end":{"line":167,"column":19}},"64":{"start":{"line":174,"column":32},"end":{"line":174,"column":34}},"65":{"start":{"line":176,"column":4},"end":{"line":187,"column":7}},"66":{"start":{"line":178,"column":6},"end":{"line":186,"column":79}},"67":{"start":{"line":179,"column":8},"end":{"line":179,"column":100}},"68":{"start":{"line":179,"column":73},"end":{"line":179,"column":98}},"69":{"start":{"line":182,"column":8},"end":{"line":186,"column":79}},"70":{"start":{"line":184,"column":14},"end":{"line":184,"column":47}},"71":{"start":{"line":189,"column":4},"end":{"line":189,"column":26}},"72":{"start":{"line":196,"column":33},"end":{"line":196,"column":35}},"73":{"start":{"line":198,"column":4},"end":{"line":207,"column":7}},"74":{"start":{"line":199,"column":27},"end":{"line":199,"column":54}},"75":{"start":{"line":200,"column":29},"end":{"line":205,"column":10}},"76":{"start":{"line":201,"column":22},"end":{"line":201,"column":48}},"77":{"start":{"line":202,"column":8},"end":{"line":204,"column":63}},"78":{"start":{"line":203,"column":10},"end":{"line":203,"column":86}},"79":{"start":{"line":203,"column":49},"end":{"line":203,"column":84}},"80":{"start":{"line":204,"column":13},"end":{"line":204,"column":63}},"81":{"start":{"line":206,"column":6},"end":{"line":206,"column":53}},"82":{"start":{"line":209,"column":4},"end":{"line":209,"column":27}},"83":{"start":{"line":217,"column":22},"end":{"line":217,"column":40}},"84":{"start":{"line":218,"column":22},"end":{"line":218,"column":63}},"85":{"start":{"line":219,"column":24},"end":{"line":219,"column":78}},"86":{"start":{"line":221,"column":4},"end":{"line":223,"column":31}},"87":{"start":{"line":230,"column":4},"end":{"line":230,"column":25}},"88":{"start":{"line":18,"column":0},"end":{"line":18,"column":13}}},"fnMap":{"0":{"name":"createNewManifest","decl":{"start":{"line":10,"column":16},"end":{"line":10,"column":33}},"loc":{"start":{"line":10,"column":46},"end":{"line":13,"column":1}}},"1":{"name":"(anonymous_1)","decl":{"start":{"line":24,"column":2},"end":{"line":24,"column":14}},"loc":{"start":{"line":24,"column":26},"end":{"line":28,"column":3}}},"2":{"name":"(anonymous_2)","decl":{"start":{"line":33,"column":10},"end":{"line":33,"column":25}},"loc":{"start":{"line":33,"column":66},"end":{"line":53,"column":3}}},"3":{"name":"(anonymous_3)","decl":{"start":{"line":59,"column":10},"end":{"line":59,"column":22}},"loc":{"start":{"line":59,"column":22},"end":{"line":80,"column":3}}},"4":{"name":"(anonymous_4)","decl":{"start":{"line":85,"column":10},"end":{"line":85,"column":22}},"loc":{"start":{"line":85,"column":35},"end":{"line":126,"column":3}}},"5":{"name":"(anonymous_5)","decl":{"start":{"line":131,"column":10},"end":{"line":131,"column":29}},"loc":{"start":{"line":131,"column":83},"end":{"line":143,"column":3}}},"6":{"name":"(anonymous_6)","decl":{"start":{"line":133,"column":46},"end":{"line":133,"column":47}},"loc":{"start":{"line":133,"column":62},"end":{"line":135,"column":7}}},"7":{"name":"(anonymous_7)","decl":{"start":{"line":137,"column":35},"end":{"line":137,"column":36}},"loc":{"start":{"line":137,"column":51},"end":{"line":139,"column":7}}},"8":{"name":"(anonymous_8)","decl":{"start":{"line":148,"column":10},"end":{"line":148,"column":27}},"loc":{"start":{"line":148,"column":80},"end":{"line":156,"column":3}}},"9":{"name":"(anonymous_9)","decl":{"start":{"line":149,"column":31},"end":{"line":149,"column":32}},"loc":{"start":{"line":149,"column":80},"end":{"line":153,"column":5}}},"10":{"name":"(anonymous_10)","decl":{"start":{"line":150,"column":32},"end":{"line":150,"column":33}},"loc":{"start":{"line":150,"column":48},"end":{"line":152,"column":7}}},"11":{"name":"(anonymous_11)","decl":{"start":{"line":161,"column":10},"end":{"line":161,"column":28}},"loc":{"start":{"line":161,"column":63},"end":{"line":168,"column":3}}},"12":{"name":"(anonymous_12)","decl":{"start":{"line":162,"column":23},"end":{"line":162,"column":24}},"loc":{"start":{"line":162,"column":45},"end":{"line":165,"column":5}}},"13":{"name":"(anonymous_13)","decl":{"start":{"line":173,"column":10},"end":{"line":173,"column":32}},"loc":{"start":{"line":173,"column":45},"end":{"line":190,"column":3}}},"14":{"name":"(anonymous_14)","decl":{"start":{"line":176,"column":33},"end":{"line":176,"column":34}},"loc":{"start":{"line":176,"column":53},"end":{"line":187,"column":5}}},"15":{"name":"(anonymous_15)","decl":{"start":{"line":179,"column":55},"end":{"line":179,"column":56}},"loc":{"start":{"line":179,"column":73},"end":{"line":179,"column":98}}},"16":{"name":"(anonymous_16)","decl":{"start":{"line":183,"column":60},"end":{"line":183,"column":61}},"loc":{"start":{"line":184,"column":14},"end":{"line":184,"column":47}}},"17":{"name":"(anonymous_17)","decl":{"start":{"line":195,"column":10},"end":{"line":195,"column":25}},"loc":{"start":{"line":195,"column":35},"end":{"line":210,"column":3}}},"18":{"name":"(anonymous_18)","decl":{"start":{"line":198,"column":30},"end":{"line":198,"column":31}},"loc":{"start":{"line":198,"column":64},"end":{"line":207,"column":5}}},"19":{"name":"(anonymous_19)","decl":{"start":{"line":200,"column":30},"end":{"line":200,"column":33}},"loc":{"start":{"line":200,"column":35},"end":{"line":205,"column":7}}},"20":{"name":"(anonymous_20)","decl":{"start":{"line":203,"column":27},"end":{"line":203,"column":28}},"loc":{"start":{"line":203,"column":49},"end":{"line":203,"column":84}}},"21":{"name":"(anonymous_21)","decl":{"start":{"line":216,"column":10},"end":{"line":216,"column":24}},"loc":{"start":{"line":216,"column":53},"end":{"line":224,"column":3}}},"22":{"name":"(anonymous_22)","decl":{"start":{"line":229,"column":9},"end":{"line":229,"column":20}},"loc":{"start":{"line":229,"column":20},"end":{"line":231,"column":3}}}},"branchMap":{"0":{"loc":{"start":{"line":38,"column":4},"end":{"line":38,"column":90}},"type":"if","locations":[{"start":{"line":38,"column":4},"end":{"line":38,"column":90}}]},"1":{"loc":{"start":{"line":40,"column":4},"end":{"line":41,"column":77}},"type":"if","locations":[{"start":{"line":40,"column":4},"end":{"line":41,"column":77}}]},"2":{"loc":{"start":{"line":43,"column":4},"end":{"line":44,"column":84}},"type":"if","locations":[{"start":{"line":43,"column":4},"end":{"line":44,"column":84}}]},"3":{"loc":{"start":{"line":43,"column":8},"end":{"line":43,"column":84}},"type":"binary-expr","locations":[{"start":{"line":43,"column":8},"end":{"line":43,"column":25}},{"start":{"line":43,"column":29},"end":{"line":43,"column":84}}]},"4":{"loc":{"start":{"line":45,"column":4},"end":{"line":46,"column":79}},"type":"if","locations":[{"start":{"line":45,"column":4},"end":{"line":46,"column":79}}]},"5":{"loc":{"start":{"line":45,"column":8},"end":{"line":45,"column":75}},"type":"binary-expr","locations":[{"start":{"line":45,"column":8},"end":{"line":45,"column":25}},{"start":{"line":45,"column":29},"end":{"line":45,"column":75}}]},"6":{"loc":{"start":{"line":47,"column":4},"end":{"line":48,"column":78}},"type":"if","locations":[{"start":{"line":47,"column":4},"end":{"line":48,"column":78}}]},"7":{"loc":{"start":{"line":47,"column":8},"end":{"line":47,"column":63}},"type":"binary-expr","locations":[{"start":{"line":47,"column":8},"end":{"line":47,"column":19}},{"start":{"line":47,"column":23},"end":{"line":47,"column":63}}]},"8":{"loc":{"start":{"line":49,"column":4},"end":{"line":50,"column":78}},"type":"if","locations":[{"start":{"line":49,"column":4},"end":{"line":50,"column":78}}]},"9":{"loc":{"start":{"line":49,"column":8},"end":{"line":49,"column":63}},"type":"binary-expr","locations":[{"start":{"line":49,"column":8},"end":{"line":49,"column":19}},{"start":{"line":49,"column":23},"end":{"line":49,"column":63}}]},"10":{"loc":{"start":{"line":51,"column":4},"end":{"line":52,"column":80}},"type":"if","locations":[{"start":{"line":51,"column":4},"end":{"line":52,"column":80}}]},"11":{"loc":{"start":{"line":51,"column":8},"end":{"line":51,"column":67}},"type":"binary-expr","locations":[{"start":{"line":51,"column":8},"end":{"line":51,"column":21}},{"start":{"line":51,"column":25},"end":{"line":51,"column":67}}]},"12":{"loc":{"start":{"line":92,"column":4},"end":{"line":93,"column":75}},"type":"if","locations":[{"start":{"line":92,"column":4},"end":{"line":93,"column":75}}]},"13":{"loc":{"start":{"line":100,"column":4},"end":{"line":101,"column":87}},"type":"if","locations":[{"start":{"line":100,"column":4},"end":{"line":101,"column":87}}]},"14":{"loc":{"start":{"line":100,"column":8},"end":{"line":100,"column":59}},"type":"binary-expr","locations":[{"start":{"line":100,"column":8},"end":{"line":100,"column":26}},{"start":{"line":100,"column":30},"end":{"line":100,"column":59}}]},"15":{"loc":{"start":{"line":102,"column":4},"end":{"line":103,"column":91}},"type":"if","locations":[{"start":{"line":102,"column":4},"end":{"line":103,"column":91}}]},"16":{"loc":{"start":{"line":102,"column":8},"end":{"line":102,"column":63}},"type":"binary-expr","locations":[{"start":{"line":102,"column":8},"end":{"line":102,"column":28}},{"start":{"line":102,"column":32},"end":{"line":102,"column":63}}]},"17":{"loc":{"start":{"line":115,"column":4},"end":{"line":120,"column":null}},"type":"if","locations":[{"start":{"line":115,"column":4},"end":{"line":120,"column":null}}]},"18":{"loc":{"start":{"line":132,"column":4},"end":{"line":140,"column":null}},"type":"if","locations":[{"start":{"line":132,"column":4},"end":{"line":140,"column":null}},{"start":{"line":136,"column":11},"end":{"line":140,"column":null}}]},"19":{"loc":{"start":{"line":134,"column":8},"end":{"line":134,"column":69}},"type":"if","locations":[{"start":{"line":134,"column":8},"end":{"line":134,"column":69}}]},"20":{"loc":{"start":{"line":138,"column":8},"end":{"line":138,"column":58}},"type":"if","locations":[{"start":{"line":138,"column":8},"end":{"line":138,"column":58}}]},"21":{"loc":{"start":{"line":151,"column":8},"end":{"line":151,"column":76}},"type":"if","locations":[{"start":{"line":151,"column":8},"end":{"line":151,"column":76}}]},"22":{"loc":{"start":{"line":163,"column":18},"end":{"line":163,"column":85}},"type":"cond-expr","locations":[{"start":{"line":163,"column":39},"end":{"line":163,"column":73}},{"start":{"line":163,"column":76},"end":{"line":163,"column":85}}]},"23":{"loc":{"start":{"line":164,"column":6},"end":{"line":164,"column":93}},"type":"if","locations":[{"start":{"line":164,"column":6},"end":{"line":164,"column":93}}]},"24":{"loc":{"start":{"line":164,"column":10},"end":{"line":164,"column":65}},"type":"binary-expr","locations":[{"start":{"line":164,"column":10},"end":{"line":164,"column":13}},{"start":{"line":164,"column":18},"end":{"line":164,"column":30}},{"start":{"line":164,"column":34},"end":{"line":164,"column":46}},{"start":{"line":164,"column":50},"end":{"line":164,"column":64}}]},"25":{"loc":{"start":{"line":178,"column":6},"end":{"line":186,"column":79}},"type":"if","locations":[{"start":{"line":178,"column":6},"end":{"line":186,"column":79}},{"start":{"line":182,"column":8},"end":{"line":186,"column":79}}]},"26":{"loc":{"start":{"line":182,"column":8},"end":{"line":186,"column":78}},"type":"cond-expr","locations":[{"start":{"line":183,"column":13},"end":{"line":184,"column":null}},{"start":{"line":186,"column":13},"end":{"line":186,"column":77}}]},"27":{"loc":{"start":{"line":202,"column":8},"end":{"line":204,"column":63}},"type":"if","locations":[{"start":{"line":202,"column":8},"end":{"line":204,"column":63}},{"start":{"line":204,"column":13},"end":{"line":204,"column":63}}]},"28":{"loc":{"start":{"line":216,"column":38},"end":{"line":216,"column":53}},"type":"default-arg","locations":[{"start":{"line":216,"column":48},"end":{"line":216,"column":53}}]},"29":{"loc":{"start":{"line":217,"column":22},"end":{"line":217,"column":40}},"type":"cond-expr","locations":[{"start":{"line":217,"column":32},"end":{"line":217,"column":35}},{"start":{"line":217,"column":38},"end":{"line":217,"column":40}}]},"30":{"loc":{"start":{"line":221,"column":12},"end":{"line":221,"column":79}},"type":"cond-expr","locations":[{"start":{"line":221,"column":22},"end":{"line":221,"column":50}},{"start":{"line":221,"column":53},"end":{"line":221,"column":79}}]}},"s":{"0":1,"1":1,"2":1,"3":11,"4":3,"5":1,"6":11,"7":11,"8":11,"9":11,"10":4,"11":3,"12":11,"13":11,"14":11,"15":1,"16":10,"17":1,"18":9,"19":1,"20":8,"21":1,"22":7,"23":1,"24":6,"25":1,"26":5,"27":1,"28":4,"29":4,"30":4,"31":4,"32":4,"33":1,"34":3,"35":3,"36":3,"37":3,"38":3,"39":3,"40":3,"41":3,"42":1,"43":1,"44":3,"45":3,"46":6,"47":3,"48":8,"49":1,"50":3,"51":19,"52":1,"53":6,"54":6,"55":6,"56":9,"57":6,"58":6,"59":3,"60":15,"61":15,"62":10,"63":3,"64":3,"65":3,"66":8,"67":2,"68":4,"69":6,"70":3,"71":3,"72":6,"73":6,"74":11,"75":11,"76":11,"77":11,"78":2,"79":4,"80":9,"81":11,"82":6,"83":28,"84":28,"85":28,"86":28,"87":3,"88":1},"f":{"0":11,"1":11,"2":11,"3":4,"4":4,"5":6,"6":8,"7":19,"8":6,"9":6,"10":9,"11":3,"12":15,"13":3,"14":8,"15":4,"16":3,"17":6,"18":11,"19":11,"20":4,"21":28,"22":3},"b":{"0":[1],"1":[1],"2":[1],"3":[9,7],"4":[1],"5":[8,6],"6":[1],"7":[7,7],"8":[1],"9":[6,6],"10":[1],"11":[5,5],"12":[1],"13":[3],"14":[3,3],"15":[3],"16":[3,3],"17":[1],"18":[3,3],"19":[1],"20":[1],"21":[6],"22":[13,2],"23":[10],"24":[15,13,10,6],"25":[2,6],"26":[3,3],"27":[2,9],"28":[15],"29":[13,15],"30":[13,15]}}
,"/workspace/catalogist/src/frameworks/getQueryStringParams.ts": {"path":"/workspace/catalogist/src/frameworks/getQueryStringParams.ts","statementMap":{"0":{"start":{"line":5,"column":0},"end":{"line":5,"column":67}},"1":{"start":{"line":13,"column":33},"end":{"line":13,"column":48}},"2":{"start":{"line":14,"column":2},"end":{"line":14,"column":55}},"3":{"start":{"line":14,"column":30},"end":{"line":14,"column":55}},"4":{"start":{"line":16,"column":15},"end":{"line":16,"column":49}},"5":{"start":{"line":18,"column":2},"end":{"line":26,"column":5}},"6":{"start":{"line":19,"column":4},"end":{"line":20,"column":48}},"7":{"start":{"line":20,"column":6},"end":{"line":20,"column":48}},"8":{"start":{"line":22,"column":23},"end":{"line":22,"column":49}},"9":{"start":{"line":24,"column":4},"end":{"line":24,"column":78}},"10":{"start":{"line":24,"column":34},"end":{"line":24,"column":78}},"11":{"start":{"line":25,"column":4},"end":{"line":25,"column":79}},"12":{"start":{"line":25,"column":31},"end":{"line":25,"column":79}},"13":{"start":{"line":28,"column":2},"end":{"line":28,"column":27}},"14":{"start":{"line":10,"column":0},"end":{"line":10,"column":16}}},"fnMap":{"0":{"name":"getQueryStringParams","decl":{"start":{"line":10,"column":16},"end":{"line":10,"column":36}},"loc":{"start":{"line":11,"column":92},"end":{"line":29,"column":1}}},"1":{"name":"(anonymous_1)","decl":{"start":{"line":18,"column":15},"end":{"line":18,"column":16}},"loc":{"start":{"line":18,"column":28},"end":{"line":26,"column":3}}}},"branchMap":{"0":{"loc":{"start":{"line":14,"column":2},"end":{"line":14,"column":55}},"type":"if","locations":[{"start":{"line":14,"column":2},"end":{"line":14,"column":55}}]},"1":{"loc":{"start":{"line":19,"column":4},"end":{"line":20,"column":48}},"type":"if","locations":[{"start":{"line":19,"column":4},"end":{"line":20,"column":48}}]},"2":{"loc":{"start":{"line":19,"column":8},"end":{"line":19,"column":57}},"type":"binary-expr","locations":[{"start":{"line":19,"column":8},"end":{"line":19,"column":29}},{"start":{"line":19,"column":33},"end":{"line":19,"column":57}}]},"3":{"loc":{"start":{"line":24,"column":4},"end":{"line":24,"column":78}},"type":"if","locations":[{"start":{"line":24,"column":4},"end":{"line":24,"column":78}}]},"4":{"loc":{"start":{"line":25,"column":4},"end":{"line":25,"column":79}},"type":"if","locations":[{"start":{"line":25,"column":4},"end":{"line":25,"column":79}}]}},"s":{"0":2,"1":12,"2":12,"3":2,"4":10,"5":10,"6":15,"7":1,"8":14,"9":14,"10":6,"11":14,"12":8,"13":9,"14":2},"f":{"0":12,"1":15},"b":{"0":[2],"1":[1],"2":[15,7],"3":[6],"4":[8]}}
,"/workspace/catalogist/src/frameworks/isJsonString.ts": {"path":"/workspace/catalogist/src/frameworks/isJsonString.ts","statementMap":{"0":{"start":{"line":5,"column":28},"end":{"line":12,"column":1}},"1":{"start":{"line":6,"column":2},"end":{"line":10,"column":null}},"2":{"start":{"line":7,"column":4},"end":{"line":7,"column":20}},"3":{"start":{"line":9,"column":4},"end":{"line":9,"column":17}},"4":{"start":{"line":11,"column":2},"end":{"line":11,"column":14}},"5":{"start":{"line":5,"column":13},"end":{"line":5,"column":28}}},"fnMap":{"0":{"name":"(anonymous_0)","decl":{"start":{"line":5,"column":28},"end":{"line":5,"column":29}},"loc":{"start":{"line":5,"column":79},"end":{"line":12,"column":1}}}},"branchMap":{},"s":{"0":1,"1":2,"2":2,"3":1,"4":1,"5":1},"f":{"0":2},"b":{}}
,"/workspace/catalogist/src/repositories/LocalRepo.ts": {"path":"/workspace/catalogist/src/repositories/LocalRepo.ts","statementMap":{"0":{"start":{"line":4,"column":0},"end":{"line":4,"column":85}},"1":{"start":{"line":10,"column":2},"end":{"line":10,"column":25}},"2":{"start":{"line":9,"column":0},"end":{"line":9,"column":16}},"3":{"start":{"line":19,"column":4},"end":{"line":19,"column":70}},"4":{"start":{"line":19,"column":40},"end":{"line":19,"column":70}},"5":{"start":{"line":22,"column":4},"end":{"line":25,"column":9}},"6":{"start":{"line":23,"column":6},"end":{"line":25,"column":9}},"7":{"start":{"line":24,"column":8},"end":{"line":24,"column":61}},"8":{"start":{"line":24,"column":47},"end":{"line":24,"column":61}},"9":{"start":{"line":28,"column":4},"end":{"line":31,"column":9}},"10":{"start":{"line":29,"column":6},"end":{"line":31,"column":9}},"11":{"start":{"line":30,"column":8},"end":{"line":30,"column":61}},"12":{"start":{"line":30,"column":47},"end":{"line":30,"column":61}},"13":{"start":{"line":34,"column":4},"end":{"line":34,"column":26}},"14":{"start":{"line":38,"column":4},"end":{"line":38,"column":58}}},"fnMap":{"0":{"name":"createNewLocalRepository","decl":{"start":{"line":9,"column":16},"end":{"line":9,"column":40}},"loc":{"start":{"line":9,"column":40},"end":{"line":11,"column":1}}},"1":{"name":"(anonymous_1)","decl":{"start":{"line":17,"column":8},"end":{"line":17,"column":15}},"loc":{"start":{"line":17,"column":43},"end":{"line":35,"column":null}}},"2":{"name":"(anonymous_3)","decl":{"start":{"line":23,"column":43},"end":{"line":23,"column":44}},"loc":{"start":{"line":23,"column":59},"end":{"line":25,"column":7}}},"3":{"name":"(anonymous_4)","decl":{"start":{"line":29,"column":35},"end":{"line":29,"column":36}},"loc":{"start":{"line":29,"column":51},"end":{"line":31,"column":7}}},"4":{"name":"(anonymous_5)","decl":{"start":{"line":37,"column":8},"end":{"line":37,"column":18}},"loc":{"start":{"line":37,"column":37},"end":{"line":39,"column":null}}}},"branchMap":{"0":{"loc":{"start":{"line":19,"column":4},"end":{"line":19,"column":70}},"type":"if","locations":[{"start":{"line":19,"column":4},"end":{"line":19,"column":70}}]},"1":{"loc":{"start":{"line":19,"column":8},"end":{"line":19,"column":38}},"type":"binary-expr","locations":[{"start":{"line":19,"column":8},"end":{"line":19,"column":28}},{"start":{"line":19,"column":32},"end":{"line":19,"column":38}}]},"2":{"loc":{"start":{"line":22,"column":4},"end":{"line":25,"column":9}},"type":"if","locations":[{"start":{"line":22,"column":4},"end":{"line":25,"column":9}}]},"3":{"loc":{"start":{"line":22,"column":8},"end":{"line":22,"column":37}},"type":"binary-expr","locations":[{"start":{"line":22,"column":8},"end":{"line":22,"column":28}},{"start":{"line":22,"column":32},"end":{"line":22,"column":37}}]},"4":{"loc":{"start":{"line":24,"column":8},"end":{"line":24,"column":61}},"type":"if","locations":[{"start":{"line":24,"column":8},"end":{"line":24,"column":61}}]},"5":{"loc":{"start":{"line":28,"column":4},"end":{"line":31,"column":9}},"type":"if","locations":[{"start":{"line":28,"column":4},"end":{"line":31,"column":9}}]},"6":{"loc":{"start":{"line":28,"column":8},"end":{"line":28,"column":37}},"type":"binary-expr","locations":[{"start":{"line":28,"column":8},"end":{"line":28,"column":28}},{"start":{"line":28,"column":32},"end":{"line":28,"column":37}}]},"7":{"loc":{"start":{"line":30,"column":8},"end":{"line":30,"column":61}},"type":"if","locations":[{"start":{"line":30,"column":8},"end":{"line":30,"column":61}}]}},"s":{"0":2,"1":18,"2":2,"3":9,"4":1,"5":8,"6":3,"7":6,"8":3,"9":5,"10":4,"11":8,"12":3,"13":1,"14":3},"f":{"0":18,"1":9,"2":6,"3":8,"4":3},"b":{"0":[1],"1":[9,4],"2":[3],"3":[8,3],"4":[3],"5":[4],"6":[5,5],"7":[3]}}
,"/workspace/catalogist/src/usecases/createRecord.ts": {"path":"/workspace/catalogist/src/usecases/createRecord.ts","statementMap":{"0":{"start":{"line":3,"column":0},"end":{"line":3,"column":68}},"1":{"start":{"line":9,"column":19},"end":{"line":9,"column":42}},"2":{"start":{"line":10,"column":2},"end":{"line":10,"column":49}},"3":{"start":{"line":8,"column":0},"end":{"line":8,"column":22}}},"fnMap":{"0":{"name":"createRecord","decl":{"start":{"line":8,"column":22},"end":{"line":8,"column":34}},"loc":{"start":{"line":8,"column":68},"end":{"line":11,"column":null}}}},"branchMap":{},"s":{"0":1,"1":11,"2":3,"3":1},"f":{"0":11},"b":{}}
,"/workspace/catalogist/src/usecases/getRecords.ts": {"path":"/workspace/catalogist/src/usecases/getRecords.ts","statementMap":{"0":{"start":{"line":5,"column":0},"end":{"line":5,"column":74}},"1":{"start":{"line":14,"column":36},"end":{"line":15,"column":null}},"2":{"start":{"line":17,"column":22},"end":{"line":17,"column":28}},"3":{"start":{"line":18,"column":27},"end":{"line":18,"column":33}},"4":{"start":{"line":19,"column":2},"end":{"line":19,"column":53}},"5":{"start":{"line":19,"column":23},"end":{"line":19,"column":53}},"6":{"start":{"line":22,"column":2},"end":{"line":30,"column":57}},"7":{"start":{"line":23,"column":28},"end":{"line":26,"column":6}},"8":{"start":{"line":23,"column":64},"end":{"line":26,"column":6}},"9":{"start":{"line":24,"column":21},"end":{"line":24,"column":80}},"10":{"start":{"line":25,"column":6},"end":{"line":25,"column":23}},"11":{"start":{"line":27,"column":4},"end":{"line":27,"column":94}},"12":{"start":{"line":27,"column":72},"end":{"line":27,"column":92}},"13":{"start":{"line":30,"column":7},"end":{"line":30,"column":57}},"14":{"start":{"line":10,"column":0},"end":{"line":10,"column":22}}},"fnMap":{"0":{"name":"getRecords","decl":{"start":{"line":10,"column":22},"end":{"line":10,"column":32}},"loc":{"start":{"line":12,"column":29},"end":{"line":31,"column":null}}},"1":{"name":"(anonymous_2)","decl":{"start":{"line":23,"column":40},"end":{"line":23,"column":47}},"loc":{"start":{"line":23,"column":64},"end":{"line":26,"column":6}}},"2":{"name":"(anonymous_3)","decl":{"start":{"line":23,"column":64},"end":{"line":23,"column":null}},"loc":{"start":{"line":23,"column":64},"end":{"line":26,"column":5}}},"3":{"name":"(anonymous_4)","decl":{"start":{"line":27,"column":55},"end":{"line":27,"column":56}},"loc":{"start":{"line":27,"column":72},"end":{"line":27,"column":92}}}},"branchMap":{"0":{"loc":{"start":{"line":19,"column":2},"end":{"line":19,"column":53}},"type":"if","locations":[{"start":{"line":19,"column":2},"end":{"line":19,"column":53}}]},"1":{"loc":{"start":{"line":22,"column":2},"end":{"line":30,"column":57}},"type":"if","locations":[{"start":{"line":22,"column":2},"end":{"line":30,"column":57}},{"start":{"line":30,"column":7},"end":{"line":30,"column":57}}]},"2":{"loc":{"start":{"line":22,"column":6},"end":{"line":22,"column":35}},"type":"binary-expr","locations":[{"start":{"line":22,"column":6},"end":{"line":22,"column":13}},{"start":{"line":22,"column":17},"end":{"line":22,"column":35}}]}},"s":{"0":1,"1":7,"2":7,"3":7,"4":7,"5":4,"6":7,"7":5,"8":7,"9":7,"10":7,"11":5,"12":7,"13":2,"14":1},"f":{"0":7,"1":7,"2":7,"3":7},"b":{"0":[4],"1":[5,2],"2":[7,7]}}
,"/workspace/catalogist/testdata/TestDatabase.ts": {"path":"/workspace/catalogist/testdata/TestDatabase.ts","statementMap":{"0":{"start":{"line":4,"column":13},"end":{"line":89,"column":2}},"1":{"start":{"line":94,"column":13},"end":{"line":183,"column":2}}},"fnMap":{},"branchMap":{},"s":{"0":2,"1":2},"f":{},"b":{}}
}
