TN:
SF:src/domain/entities/Catalogist.ts
FN:8,createNewCatalogist
FN:18,(anonymous_1)
FN:27,(anonymous_2)
FN:35,(anonymous_4)
FN:39,(anonymous_6)
FNF:5
FNH:5
FNDA:18,createNewCatalogist
FNDA:18,(anonymous_1)
FNDA:3,(anonymous_2)
FNDA:9,(anonymous_4)
FNDA:10,(anonymous_6)
DA:8,2
DA:9,18
DA:19,18
DA:28,3
DA:29,3
DA:36,9
DA:37,9
DA:39,8
DA:40,10
DA:43,10
DA:54,10
LF:11
LH:11
BRDA:37,0,0,1
BRDA:37,0,1,8
BRDA:37,1,0,9
BRDA:37,1,1,9
BRF:4
BRH:4
end_of_record
TN:
SF:src/domain/errors/MissingSpecKeysError.ts
FN:5,(anonymous_0)
FNF:1
FNH:1
FNDA:1,(anonymous_0)
DA:4,1
DA:6,1
DA:7,1
DA:8,1
LF:4
LH:4
BRF:0
BRH:0
end_of_record
TN:
SF:src/domain/errors/SizeError.ts
FN:5,(anonymous_0)
FNF:1
FNH:1
FNDA:1,(anonymous_0)
DA:4,1
DA:6,1
DA:7,1
DA:8,1
LF:4
LH:4
BRF:0
BRH:0
end_of_record
TN:
SF:src/domain/errors/UnknownKeyError.ts
FN:5,(anonymous_0)
FNF:1
FNH:1
FNDA:1,(anonymous_0)
DA:4,2
DA:6,1
DA:7,1
DA:8,1
LF:4
LH:4
BRF:0
BRH:0
end_of_record
TN:
SF:src/domain/errors/ValidationError.ts
FN:5,(anonymous_0)
FNF:1
FNH:1
FNDA:6,(anonymous_0)
DA:4,1
DA:6,6
DA:7,6
DA:8,6
LF:4
LH:4
BRF:0
BRH:0
end_of_record
TN:
SF:src/domain/valueObjects/Manifest.ts
FN:10,createNewManifest
FN:24,(anonymous_1)
FN:33,(anonymous_2)
FN:59,(anonymous_3)
FN:85,(anonymous_4)
FN:131,(anonymous_5)
FN:133,(anonymous_6)
FN:137,(anonymous_7)
FN:148,(anonymous_8)
FN:149,(anonymous_9)
FN:150,(anonymous_10)
FN:161,(anonymous_11)
FN:162,(anonymous_12)
FN:173,(anonymous_13)
FN:176,(anonymous_14)
FN:179,(anonymous_15)
FN:183,(anonymous_16)
FN:195,(anonymous_17)
FN:198,(anonymous_18)
FN:200,(anonymous_19)
FN:203,(anonymous_20)
FN:216,(anonymous_21)
FN:229,(anonymous_22)
FNF:23
FNH:23
FNDA:11,createNewManifest
FNDA:11,(anonymous_1)
FNDA:11,(anonymous_2)
FNDA:4,(anonymous_3)
FNDA:4,(anonymous_4)
FNDA:6,(anonymous_5)
FNDA:8,(anonymous_6)
FNDA:19,(anonymous_7)
FNDA:6,(anonymous_8)
FNDA:6,(anonymous_9)
FNDA:9,(anonymous_10)
FNDA:3,(anonymous_11)
FNDA:15,(anonymous_12)
FNDA:3,(anonymous_13)
FNDA:8,(anonymous_14)
FNDA:4,(anonymous_15)
FNDA:3,(anonymous_16)
FNDA:6,(anonymous_17)
FNDA:11,(anonymous_18)
FNDA:11,(anonymous_19)
FNDA:4,(anonymous_20)
FNDA:28,(anonymous_21)
FNDA:3,(anonymous_22)
DA:3,1
DA:4,1
DA:5,1
DA:10,1
DA:11,11
DA:12,3
DA:18,1
DA:20,11
DA:21,11
DA:22,11
DA:25,11
DA:26,4
DA:27,3
DA:34,11
DA:37,11
DA:38,11
DA:40,10
DA:41,1
DA:43,9
DA:44,1
DA:45,8
DA:46,1
DA:47,7
DA:48,1
DA:49,6
DA:50,1
DA:51,5
DA:52,1
DA:60,4
DA:79,4
DA:86,4
DA:89,4
DA:92,4
DA:93,1
DA:96,3
DA:97,3
DA:100,3
DA:101,3
DA:102,3
DA:103,3
DA:106,3
DA:115,3
DA:116,1
DA:119,1
DA:123,3
DA:125,3
DA:132,6
DA:133,3
DA:134,8
DA:137,3
DA:138,19
DA:142,6
DA:149,6
DA:150,6
DA:151,9
DA:155,6
DA:162,3
DA:163,15
DA:164,15
DA:167,3
DA:174,3
DA:176,3
DA:178,8
DA:179,4
DA:182,6
DA:184,3
DA:189,3
DA:196,6
DA:198,6
DA:199,11
DA:200,11
DA:201,11
DA:202,11
DA:203,4
DA:204,9
DA:206,11
DA:209,6
DA:217,28
DA:218,28
DA:219,28
DA:221,28
DA:230,3
LF:82
LH:82
BRDA:38,0,0,1
BRDA:40,1,0,1
BRDA:43,2,0,1
BRDA:43,3,0,9
BRDA:43,3,1,7
BRDA:45,4,0,1
BRDA:45,5,0,8
BRDA:45,5,1,6
BRDA:47,6,0,1
BRDA:47,7,0,7
BRDA:47,7,1,7
BRDA:49,8,0,1
BRDA:49,9,0,6
BRDA:49,9,1,6
BRDA:51,10,0,1
BRDA:51,11,0,5
BRDA:51,11,1,5
BRDA:92,12,0,1
BRDA:100,13,0,3
BRDA:100,14,0,3
BRDA:100,14,1,3
BRDA:102,15,0,3
BRDA:102,16,0,3
BRDA:102,16,1,3
BRDA:115,17,0,1
BRDA:132,18,0,3
BRDA:132,18,1,3
BRDA:134,19,0,1
BRDA:138,20,0,1
BRDA:151,21,0,6
BRDA:163,22,0,13
BRDA:163,22,1,2
BRDA:164,23,0,10
BRDA:164,24,0,15
BRDA:164,24,1,13
BRDA:164,24,2,10
BRDA:164,24,3,6
BRDA:178,25,0,2
BRDA:178,25,1,6
BRDA:182,26,0,3
BRDA:182,26,1,3
BRDA:202,27,0,2
BRDA:202,27,1,9
BRDA:216,28,0,15
BRDA:217,29,0,13
BRDA:217,29,1,15
BRDA:221,30,0,13
BRDA:221,30,1,15
BRF:48
BRH:48
end_of_record
TN:
SF:src/frameworks/getQueryStringParams.ts
FN:10,getQueryStringParams
FN:18,(anonymous_1)
FNF:2
FNH:2
FNDA:12,getQueryStringParams
FNDA:15,(anonymous_1)
DA:5,2
DA:10,2
DA:13,12
DA:14,12
DA:16,10
DA:18,10
DA:19,15
DA:20,1
DA:22,14
DA:24,14
DA:25,14
DA:28,9
LF:12
LH:12
BRDA:14,0,0,2
BRDA:19,1,0,1
BRDA:19,2,0,15
BRDA:19,2,1,7
BRDA:24,3,0,6
BRDA:25,4,0,8
BRF:6
BRH:6
end_of_record
TN:
SF:src/frameworks/isJsonString.ts
FN:5,(anonymous_0)
FNF:1
FNH:1
FNDA:2,(anonymous_0)
DA:5,1
DA:6,2
DA:7,2
DA:9,1
DA:11,1
LF:5
LH:5
BRF:0
BRH:0
end_of_record
TN:
SF:src/repositories/LocalRepo.ts
FN:9,createNewLocalRepository
FN:17,(anonymous_1)
FN:23,(anonymous_3)
FN:29,(anonymous_4)
FN:37,(anonymous_5)
FNF:5
FNH:5
FNDA:18,createNewLocalRepository
FNDA:9,(anonymous_1)
FNDA:6,(anonymous_3)
FNDA:8,(anonymous_4)
FNDA:3,(anonymous_5)
DA:4,2
DA:9,2
DA:10,18
DA:19,9
DA:22,8
DA:23,3
DA:24,6
DA:28,5
DA:29,4
DA:30,8
DA:34,1
DA:38,3
LF:12
LH:12
BRDA:19,0,0,1
BRDA:19,1,0,9
BRDA:19,1,1,4
BRDA:22,2,0,3
BRDA:22,3,0,8
BRDA:22,3,1,3
BRDA:24,4,0,3
BRDA:28,5,0,4
BRDA:28,6,0,5
BRDA:28,6,1,5
BRDA:30,7,0,3
BRF:11
BRH:11
end_of_record
TN:
SF:src/usecases/createRecord.ts
FN:8,createRecord
FNF:1
FNH:1
FNDA:11,createRecord
DA:3,1
DA:8,1
DA:9,11
DA:10,3
LF:4
LH:4
BRF:0
BRH:0
end_of_record
TN:
SF:src/usecases/getRecords.ts
FN:10,getRecords
FN:23,(anonymous_2)
FN:23,(anonymous_3)
FN:27,(anonymous_4)
FNF:4
FNH:4
FNDA:7,getRecords
FNDA:7,(anonymous_2)
FNDA:7,(anonymous_3)
FNDA:7,(anonymous_4)
DA:5,1
DA:10,1
DA:14,7
DA:17,7
DA:18,7
DA:19,7
DA:22,7
DA:23,7
DA:24,7
DA:25,7
DA:27,7
DA:30,2
LF:12
LH:12
BRDA:19,0,0,4
BRDA:22,1,0,5
BRDA:22,1,1,2
BRDA:22,2,0,7
BRDA:22,2,1,7
BRF:5
BRH:5
end_of_record
TN:
SF:testdata/TestDatabase.ts
FNF:0
FNH:0
DA:4,2
DA:94,2
LF:2
LH:2
BRF:0
BRH:0
end_of_record
